<?xml version="1.0" encoding="UTF-8"?>
<testng-results ignored="0" total="1" passed="1" failed="0" skipped="0">
  <reporter-output>
  </reporter-output>
  <suite started-at="2022-05-04T21:54:54 EDT" name="Default suite" finished-at="2022-05-04T21:54:59 EDT" duration-ms="4560">
    <groups>
    </groups>
    <test started-at="2022-05-04T21:54:54 EDT" name="Default test" finished-at="2022-05-04T21:54:59 EDT" duration-ms="4560">
      <class name="PIT.Automationtraining.Execution">
        <test-method is-config="true" signature="beforeSuite()[pri:0, instance:PIT.Automationtraining.Execution@4803b726]" started-at="2022-05-04T21:54:54 EDT" name="beforeSuite" finished-at="2022-05-04T21:54:54 EDT" duration-ms="10" status="PASS">
          <reporter-output>
          </reporter-output>
        </test-method> <!-- beforeSuite -->
        <test-method is-config="true" signature="beforeTest()[pri:0, instance:PIT.Automationtraining.Execution@4803b726]" started-at="2022-05-04T21:54:54 EDT" name="beforeTest" finished-at="2022-05-04T21:54:54 EDT" duration-ms="0" status="PASS">
          <reporter-output>
          </reporter-output>
        </test-method> <!-- beforeTest -->
        <test-method is-config="true" signature="beforeClass()[pri:0, instance:PIT.Automationtraining.Execution@4803b726]" started-at="2022-05-04T21:54:54 EDT" name="beforeClass" finished-at="2022-05-04T21:54:59 EDT" duration-ms="4515" status="PASS">
          <reporter-output>
          </reporter-output>
        </test-method> <!-- beforeClass -->
        <test-method is-config="true" signature="beforeMethod()[pri:0, instance:PIT.Automationtraining.Execution@4803b726]" started-at="2022-05-04T21:54:59 EDT" name="beforeMethod" finished-at="2022-05-04T21:54:59 EDT" duration-ms="0" status="PASS">
          <reporter-output>
          </reporter-output>
        </test-method> <!-- beforeMethod -->
        <test-method signature="f()[pri:0, instance:PIT.Automationtraining.Execution@4803b726]" started-at="2022-05-04T21:54:59 EDT" name="f" finished-at="2022-05-04T21:54:59 EDT" duration-ms="5" status="PASS">
          <reporter-output>
          </reporter-output>
        </test-method> <!-- f -->
        <test-method is-config="true" signature="afterMethod()[pri:0, instance:PIT.Automationtraining.Execution@4803b726]" started-at="2022-05-04T21:54:59 EDT" name="afterMethod" finished-at="2022-05-04T21:54:59 EDT" duration-ms="0" status="PASS">
          <reporter-output>
          </reporter-output>
        </test-method> <!-- afterMethod -->
        <test-method is-config="true" signature="afterClass()[pri:0, instance:PIT.Automationtraining.Execution@4803b726]" started-at="2022-05-04T21:54:59 EDT" name="afterClass" finished-at="2022-05-04T21:54:59 EDT" duration-ms="1" status="PASS">
          <reporter-output>
          </reporter-output>
        </test-method> <!-- afterClass -->
        <test-method is-config="true" signature="afterTest()[pri:0, instance:PIT.Automationtraining.Execution@4803b726]" started-at="2022-05-04T21:54:59 EDT" name="afterTest" finished-at="2022-05-04T21:54:59 EDT" duration-ms="1" status="PASS">
          <reporter-output>
          </reporter-output>
        </test-method> <!-- afterTest -->
        <test-method is-config="true" signature="afterSuite()[pri:0, instance:PIT.Automationtraining.Execution@4803b726]" started-at="2022-05-04T21:54:59 EDT" name="afterSuite" finished-at="2022-05-04T21:54:59 EDT" duration-ms="1" status="PASS">
          <reporter-output>
          </reporter-output>
        </test-method> <!-- afterSuite -->
      </class> <!-- PIT.Automationtraining.Execution -->
    </test> <!-- Default test -->
  </suite> <!-- Default suite -->
</testng-results>
